<?xml version="1.0" encoding="UTF-8"?>
<robot generator="Robot 6.1.1 (Python 3.11.5 on win32)" generated="20231012 21:59:41.825" rpa="false" schemaversion="4">
<suite id="s1" name="Bookaflight" source="c:\Users\ELSAMA\Documents\github\A5RS\bookaflight.robot">
<test id="s1-t1" name="Go to Blazedemo webpage" line="7">
<kw name="Open Browser" library="SeleniumLibrary">
<arg>http://blazedemo.com</arg>
<arg>Chrome</arg>
<arg>options=add_experimental_option("detach", True)</arg>
<doc>Opens a new browser instance to the optional ``url``.</doc>
<msg timestamp="20231012 21:59:42.047" level="INFO">Opening browser 'Chrome' to base url 'http://blazedemo.com'.</msg>
<status status="PASS" starttime="20231012 21:59:42.047" endtime="20231012 21:59:44.223"/>
</kw>
<kw name="Maximize Browser Window" library="SeleniumLibrary">
<doc>Maximizes current browser window.</doc>
<status status="PASS" starttime="20231012 21:59:44.225" endtime="20231012 21:59:44.351"/>
</kw>
<kw name="Wait Until Page Contains" library="SeleniumLibrary">
<arg>Welcome to the Simple Travel Agency!</arg>
<arg>20s</arg>
<doc>Waits until ``text`` appears on the current page.</doc>
<status status="PASS" starttime="20231012 21:59:44.351" endtime="20231012 21:59:44.361"/>
</kw>
<status status="PASS" starttime="20231012 21:59:42.030" endtime="20231012 21:59:44.361"/>
</test>
<test id="s1-t2" name="Choose your departure and destination" line="12">
<kw name="Wait Until Element Is Visible" library="SeleniumLibrary">
<arg>name:fromPort</arg>
<arg>20s</arg>
<doc>Waits until the element ``locator`` is visible.</doc>
<status status="PASS" starttime="20231012 21:59:44.364" endtime="20231012 21:59:44.387"/>
</kw>
<kw name="Select From List By Value" library="SeleniumLibrary">
<arg>name:fromPort</arg>
<arg>Boston</arg>
<doc>Selects options from selection list ``locator`` by ``values``.</doc>
<msg timestamp="20231012 21:59:44.388" level="INFO">Selecting options from selection list 'name:fromPort' by value Boston.</msg>
<status status="PASS" starttime="20231012 21:59:44.388" endtime="20231012 21:59:44.468"/>
</kw>
<kw name="Get Selected List Value" library="SeleniumLibrary">
<var>${departure}</var>
<arg>name:fromPort</arg>
<doc>Returns the value of selected option from selection list ``locator``.</doc>
<msg timestamp="20231012 21:59:44.535" level="INFO">${departure} = Boston</msg>
<status status="PASS" starttime="20231012 21:59:44.468" endtime="20231012 21:59:44.535"/>
</kw>
<kw name="Wait Until Element Is Visible" library="SeleniumLibrary">
<arg>name:toPort</arg>
<arg>20s</arg>
<doc>Waits until the element ``locator`` is visible.</doc>
<status status="PASS" starttime="20231012 21:59:44.535" endtime="20231012 21:59:44.553"/>
</kw>
<kw name="Select From List By Value" library="SeleniumLibrary">
<arg>name:toPort</arg>
<arg>Cairo</arg>
<doc>Selects options from selection list ``locator`` by ``values``.</doc>
<msg timestamp="20231012 21:59:44.553" level="INFO">Selecting options from selection list 'name:toPort' by value Cairo.</msg>
<status status="PASS" starttime="20231012 21:59:44.553" endtime="20231012 21:59:44.609"/>
</kw>
<kw name="Get Selected List Value" library="SeleniumLibrary">
<var>${destination}</var>
<arg>name:toPort</arg>
<doc>Returns the value of selected option from selection list ``locator``.</doc>
<msg timestamp="20231012 21:59:44.693" level="INFO">${destination} = Cairo</msg>
<status status="PASS" starttime="20231012 21:59:44.609" endtime="20231012 21:59:44.693"/>
</kw>
<kw name="Set Suite Variable" library="BuiltIn">
<arg>${departure}</arg>
<doc>Makes a variable available everywhere within the scope of the current suite.</doc>
<msg timestamp="20231012 21:59:44.699" level="INFO">${departure} = Boston</msg>
<status status="PASS" starttime="20231012 21:59:44.693" endtime="20231012 21:59:44.699"/>
</kw>
<kw name="Set Suite Variable" library="BuiltIn">
<arg>${destination}</arg>
<doc>Makes a variable available everywhere within the scope of the current suite.</doc>
<msg timestamp="20231012 21:59:44.699" level="INFO">${destination} = Cairo</msg>
<status status="PASS" starttime="20231012 21:59:44.699" endtime="20231012 21:59:44.700"/>
</kw>
<status status="PASS" starttime="20231012 21:59:44.364" endtime="20231012 21:59:44.700"/>
</test>
<test id="s1-t3" name="Find Flights button functionality" line="23">
<kw name="Wait Until Element Is Visible" library="SeleniumLibrary">
<arg>xpath://input[@value='Find Flights']</arg>
<arg>20s</arg>
<doc>Waits until the element ``locator`` is visible.</doc>
<status status="PASS" starttime="20231012 21:59:44.702" endtime="20231012 21:59:44.717"/>
</kw>
<kw name="Click Button" library="SeleniumLibrary">
<arg>xpath://input[@value='Find Flights']</arg>
<doc>Clicks the button identified by ``locator``.</doc>
<msg timestamp="20231012 21:59:44.717" level="INFO">Clicking button 'xpath://input[@value='Find Flights']'.</msg>
<status status="PASS" starttime="20231012 21:59:44.717" endtime="20231012 21:59:45.074"/>
</kw>
<status status="PASS" starttime="20231012 21:59:44.701" endtime="20231012 21:59:45.074"/>
</test>
<test id="s1-t4" name="Verify results and select flight" line="27">
<kw name="Wait Until Page Contains" library="SeleniumLibrary">
<arg>Flights from ${departure} to ${destination}</arg>
<arg>20s</arg>
<doc>Waits until ``text`` appears on the current page.</doc>
<status status="PASS" starttime="20231012 21:59:45.075" endtime="20231012 21:59:45.107"/>
</kw>
<kw name="Wait Until Element Is Visible" library="SeleniumLibrary">
<arg>xpath://html/body/div[2]/table/tbody/tr[1]/td[1]</arg>
<arg>20s</arg>
<doc>Waits until the element ``locator`` is visible.</doc>
<status status="PASS" starttime="20231012 21:59:45.107" endtime="20231012 21:59:45.128"/>
</kw>
<kw name="Get Text" library="SeleniumLibrary">
<var>${price}</var>
<arg>xpath:/html/body/div[2]/table/tbody/tr[5]/td[6]</arg>
<doc>Returns the text value of the element identified by ``locator``.</doc>
<msg timestamp="20231012 21:59:45.149" level="INFO">${price} = $233.98</msg>
<status status="PASS" starttime="20231012 21:59:45.129" endtime="20231012 21:59:45.149"/>
</kw>
<kw name="Get Text" library="SeleniumLibrary">
<var>${company}</var>
<arg>xpath:/html/body/div[2]/table/tbody/tr[5]/td[3]</arg>
<doc>Returns the text value of the element identified by ``locator``.</doc>
<msg timestamp="20231012 21:59:45.168" level="INFO">${company} = Lufthansa</msg>
<status status="PASS" starttime="20231012 21:59:45.150" endtime="20231012 21:59:45.168"/>
</kw>
<kw name="Get Text" library="SeleniumLibrary">
<var>${flightno}</var>
<arg>xpath:/html/body/div[2]/table/tbody/tr[5]/td[2]</arg>
<doc>Returns the text value of the element identified by ``locator``.</doc>
<msg timestamp="20231012 21:59:45.185" level="INFO">${flightno} = 4346</msg>
<status status="PASS" starttime="20231012 21:59:45.168" endtime="20231012 21:59:45.185"/>
</kw>
<kw name="Click Button" library="SeleniumLibrary">
<arg>xpath://html/body/div[2]/table/tbody/tr[5]/td[1]/input</arg>
<doc>Clicks the button identified by ``locator``.</doc>
<msg timestamp="20231012 21:59:45.186" level="INFO">Clicking button 'xpath://html/body/div[2]/table/tbody/tr[5]/td[1]/input'.</msg>
<status status="PASS" starttime="20231012 21:59:45.186" endtime="20231012 21:59:48.312"/>
</kw>
<status status="PASS" starttime="20231012 21:59:45.075" endtime="20231012 21:59:48.313"/>
</test>
<test id="s1-t5" name="Verify selected flight on new page" line="37">
<kw name="Wait Until Page Contains" library="SeleniumLibrary">
<arg>${price}</arg>
<arg>20s</arg>
<doc>Waits until ``text`` appears on the current page.</doc>
<msg timestamp="20231012 21:59:48.314" level="FAIL">Variable '${price}' not found.</msg>
<status status="FAIL" starttime="20231012 21:59:48.314" endtime="20231012 21:59:48.314"/>
</kw>
<kw name="Wait Until Page Contains" library="SeleniumLibrary">
<arg>${company}</arg>
<arg>20s</arg>
<doc>Waits until ``text`` appears on the current page.</doc>
<status status="NOT RUN" starttime="20231012 21:59:48.314" endtime="20231012 21:59:48.314"/>
</kw>
<kw name="Wait Until Page Contains" library="SeleniumLibrary">
<arg>${flightno}</arg>
<arg>20s</arg>
<doc>Waits until ``text`` appears on the current page.</doc>
<status status="NOT RUN" starttime="20231012 21:59:48.318" endtime="20231012 21:59:48.318"/>
</kw>
<kw name="Get Text" library="SeleniumLibrary">
<var>${fullprice}</var>
<arg>xpath://html/body/div[2]/p[5]/em</arg>
<doc>Returns the text value of the element identified by ``locator``.</doc>
<status status="NOT RUN" starttime="20231012 21:59:48.318" endtime="20231012 21:59:48.318"/>
</kw>
<kw name="Set Suite Variable" library="BuiltIn">
<arg>${fullprice}</arg>
<doc>Makes a variable available everywhere within the scope of the current suite.</doc>
<status status="NOT RUN" starttime="20231012 21:59:48.318" endtime="20231012 21:59:48.318"/>
</kw>
<status status="FAIL" starttime="20231012 21:59:48.314" endtime="20231012 21:59:48.321">Variable '${price}' not found.</status>
</test>
<test id="s1-t6" name="Fill traveler info" line="45">
<kw name="Input Text" library="SeleniumLibrary">
<arg>id:inputName</arg>
<arg>Mari Malli</arg>
<doc>Types the given ``text`` into the text field identified by ``locator``.</doc>
<msg timestamp="20231012 21:59:48.324" level="INFO">Typing text 'Mari Malli' into text field 'id:inputName'.</msg>
<status status="PASS" starttime="20231012 21:59:48.324" endtime="20231012 21:59:48.401"/>
</kw>
<kw name="Input Text" library="SeleniumLibrary">
<arg>id:address</arg>
<arg>Katu 12</arg>
<doc>Types the given ``text`` into the text field identified by ``locator``.</doc>
<msg timestamp="20231012 21:59:48.402" level="INFO">Typing text 'Katu 12' into text field 'id:address'.</msg>
<status status="PASS" starttime="20231012 21:59:48.402" endtime="20231012 21:59:48.483"/>
</kw>
<kw name="Input Text" library="SeleniumLibrary">
<arg>id:city</arg>
<arg>Oulu</arg>
<doc>Types the given ``text`` into the text field identified by ``locator``.</doc>
<msg timestamp="20231012 21:59:48.484" level="INFO">Typing text 'Oulu' into text field 'id:city'.</msg>
<status status="PASS" starttime="20231012 21:59:48.484" endtime="20231012 21:59:48.563"/>
</kw>
<kw name="Input Text" library="SeleniumLibrary">
<arg>id:state</arg>
<arg>Suomi</arg>
<doc>Types the given ``text`` into the text field identified by ``locator``.</doc>
<msg timestamp="20231012 21:59:48.563" level="INFO">Typing text 'Suomi' into text field 'id:state'.</msg>
<status status="PASS" starttime="20231012 21:59:48.563" endtime="20231012 21:59:48.629"/>
</kw>
<kw name="Input Text" library="SeleniumLibrary">
<arg>id:zipCode</arg>
<arg>32100</arg>
<doc>Types the given ``text`` into the text field identified by ``locator``.</doc>
<msg timestamp="20231012 21:59:48.631" level="INFO">Typing text '32100' into text field 'id:zipCode'.</msg>
<status status="PASS" starttime="20231012 21:59:48.630" endtime="20231012 21:59:48.708"/>
</kw>
<status status="PASS" starttime="20231012 21:59:48.323" endtime="20231012 21:59:48.708"/>
</test>
<test id="s1-t7" name="Fill credit card info" line="52">
<kw name="Wait Until Element Is Visible" library="SeleniumLibrary">
<arg>id:cardType</arg>
<arg>20s</arg>
<doc>Waits until the element ``locator`` is visible.</doc>
<status status="PASS" starttime="20231012 21:59:48.710" endtime="20231012 21:59:48.727"/>
</kw>
<kw name="Select From List By Value" library="SeleniumLibrary">
<arg>id:cardType</arg>
<arg>dinersclub</arg>
<doc>Selects options from selection list ``locator`` by ``values``.</doc>
<msg timestamp="20231012 21:59:48.727" level="INFO">Selecting options from selection list 'id:cardType' by value dinersclub.</msg>
<status status="PASS" starttime="20231012 21:59:48.727" endtime="20231012 21:59:48.803"/>
</kw>
<kw name="Input Text" library="SeleniumLibrary">
<arg>id:creditCardNumber</arg>
<arg>1234567890</arg>
<doc>Types the given ``text`` into the text field identified by ``locator``.</doc>
<msg timestamp="20231012 21:59:48.803" level="INFO">Typing text '1234567890' into text field 'id:creditCardNumber'.</msg>
<status status="PASS" starttime="20231012 21:59:48.803" endtime="20231012 21:59:48.892"/>
</kw>
<kw name="Input Text" library="SeleniumLibrary">
<arg>id:creditCardMonth</arg>
<arg>7</arg>
<doc>Types the given ``text`` into the text field identified by ``locator``.</doc>
<msg timestamp="20231012 21:59:48.892" level="INFO">Typing text '7' into text field 'id:creditCardMonth'.</msg>
<status status="PASS" starttime="20231012 21:59:48.892" endtime="20231012 21:59:48.984"/>
</kw>
<kw name="Get Value" library="SeleniumLibrary">
<var>${cardMonth}</var>
<arg>id:creditCardMonth</arg>
<doc>Returns the value attribute of the element identified by ``locator``.</doc>
<msg timestamp="20231012 21:59:49.004" level="INFO">${cardMonth} = 7</msg>
<status status="PASS" starttime="20231012 21:59:48.984" endtime="20231012 21:59:49.004"/>
</kw>
<kw name="Set Global Variable" library="BuiltIn">
<arg>${cardMonth}</arg>
<doc>Makes a variable available globally in all tests and suites.</doc>
<msg timestamp="20231012 21:59:49.004" level="INFO">${cardMonth} = 7</msg>
<status status="PASS" starttime="20231012 21:59:49.004" endtime="20231012 21:59:49.004"/>
</kw>
<kw name="Input Text" library="SeleniumLibrary">
<arg>id:creditCardYear</arg>
<arg>2025</arg>
<doc>Types the given ``text`` into the text field identified by ``locator``.</doc>
<msg timestamp="20231012 21:59:49.007" level="INFO">Typing text '2025' into text field 'id:creditCardYear'.</msg>
<status status="PASS" starttime="20231012 21:59:49.006" endtime="20231012 21:59:49.081"/>
</kw>
<kw name="Get Value" library="SeleniumLibrary">
<var>${cardYear}</var>
<arg>id:creditCardYear</arg>
<doc>Returns the value attribute of the element identified by ``locator``.</doc>
<msg timestamp="20231012 21:59:49.105" level="INFO">${cardYear} = 2025</msg>
<status status="PASS" starttime="20231012 21:59:49.081" endtime="20231012 21:59:49.105"/>
</kw>
<kw name="Set Global Variable" library="BuiltIn">
<arg>${cardYear}</arg>
<doc>Makes a variable available globally in all tests and suites.</doc>
<msg timestamp="20231012 21:59:49.106" level="INFO">${cardYear} = 2025</msg>
<status status="PASS" starttime="20231012 21:59:49.106" endtime="20231012 21:59:49.106"/>
</kw>
<kw name="Input Text" library="SeleniumLibrary">
<arg>id:nameOnCard</arg>
<arg>Mari Malli</arg>
<doc>Types the given ``text`` into the text field identified by ``locator``.</doc>
<msg timestamp="20231012 21:59:49.107" level="INFO">Typing text 'Mari Malli' into text field 'id:nameOnCard'.</msg>
<status status="PASS" starttime="20231012 21:59:49.107" endtime="20231012 21:59:49.190"/>
</kw>
<kw name="Select Checkbox" library="SeleniumLibrary">
<arg>id:rememberMe</arg>
<doc>Selects the checkbox identified by ``locator``.</doc>
<msg timestamp="20231012 21:59:49.190" level="INFO">Selecting checkbox 'id:rememberMe'.</msg>
<status status="PASS" starttime="20231012 21:59:49.190" endtime="20231012 21:59:49.262"/>
</kw>
<kw name="Wait And Click Button">
<arg>xpath:/html/body/div[2]/form/div[11]/div/input</arg>
<kw name="Wait Until Element Is Visible" library="SeleniumLibrary">
<arg>${locator}</arg>
<arg>20s</arg>
<doc>Waits until the element ``locator`` is visible.</doc>
<status status="PASS" starttime="20231012 21:59:49.262" endtime="20231012 21:59:49.276"/>
</kw>
<kw name="Click Button" library="SeleniumLibrary">
<arg>${locator}</arg>
<doc>Clicks the button identified by ``locator``.</doc>
<msg timestamp="20231012 21:59:49.276" level="INFO">Clicking button 'xpath:/html/body/div[2]/form/div[11]/div/input'.</msg>
<status status="PASS" starttime="20231012 21:59:49.276" endtime="20231012 21:59:49.718"/>
</kw>
<status status="PASS" starttime="20231012 21:59:49.262" endtime="20231012 21:59:49.718"/>
</kw>
<status status="PASS" starttime="20231012 21:59:48.708" endtime="20231012 21:59:49.719"/>
</test>
<test id="s1-t8" name="Booking confirmation and verification" line="71">
<kw name="Wait Until Page Contains" library="SeleniumLibrary">
<arg>Thank you for your purchase today!</arg>
<arg>20s</arg>
<doc>Waits until ``text`` appears on the current page.</doc>
<status status="PASS" starttime="20231012 21:59:49.721" endtime="20231012 21:59:49.735"/>
</kw>
<kw name="Get Text" library="SeleniumLibrary">
<var>${cardExpires}</var>
<arg>xpath://html/body/div[2]/div/table/tbody/tr[5]/td[2]</arg>
<doc>Returns the text value of the element identified by ``locator``.</doc>
<msg timestamp="20231012 21:59:49.754" level="INFO">${cardExpires} = 11 /2018</msg>
<status status="PASS" starttime="20231012 21:59:49.735" endtime="20231012 21:59:49.754"/>
</kw>
<kw name="Run Keyword And Continue On Failure" library="BuiltIn">
<arg>Should Be Equal</arg>
<arg>${cardMonth}/${cardYear}</arg>
<arg>${cardExpires}</arg>
<doc>Runs the keyword and continues execution even if a failure occurs.</doc>
<kw name="Should Be Equal" library="BuiltIn">
<arg>${cardMonth}/${cardYear}</arg>
<arg>${cardExpires}</arg>
<doc>Fails if the given objects are unequal.</doc>
<msg timestamp="20231012 21:59:49.757" level="FAIL">7/2025 != 11 /2018</msg>
<status status="FAIL" starttime="20231012 21:59:49.756" endtime="20231012 21:59:49.757"/>
</kw>
<status status="FAIL" starttime="20231012 21:59:49.755" endtime="20231012 21:59:49.757"/>
</kw>
<kw name="Get Text" library="SeleniumLibrary">
<var>${totalPrice}</var>
<arg>xpath://html/body/div[2]/div/table/tbody/tr[3]/td[2]</arg>
<doc>Returns the text value of the element identified by ``locator``.</doc>
<msg timestamp="20231012 21:59:49.773" level="INFO">${totalPrice} = 555 USD</msg>
<status status="PASS" starttime="20231012 21:59:49.758" endtime="20231012 21:59:49.773"/>
</kw>
<kw name="Run Keyword And Continue On Failure" library="BuiltIn">
<arg>Should Be Equal</arg>
<arg>${fullprice}</arg>
<arg>${totalPrice}</arg>
<doc>Runs the keyword and continues execution even if a failure occurs.</doc>
<kw name="Should Be Equal" library="BuiltIn">
<arg>${fullprice}</arg>
<arg>${totalPrice}</arg>
<doc>Fails if the given objects are unequal.</doc>
<msg timestamp="20231012 21:59:49.775" level="FAIL">Variable '${fullprice}' not found.</msg>
<status status="FAIL" starttime="20231012 21:59:49.775" endtime="20231012 21:59:49.775"/>
</kw>
<status status="FAIL" starttime="20231012 21:59:49.775" endtime="20231012 21:59:49.776"/>
</kw>
<kw name="Close Browser" library="SeleniumLibrary">
<doc>Closes the current browser.</doc>
<status status="PASS" starttime="20231012 21:59:49.776" endtime="20231012 21:59:51.871"/>
</kw>
<status status="FAIL" starttime="20231012 21:59:49.721" endtime="20231012 21:59:51.871">Several failures occurred:

1) 7/2025 != 11 /2018

2) Variable '${fullprice}' not found.</status>
</test>
<status status="FAIL" starttime="20231012 21:59:41.829" endtime="20231012 21:59:51.871"/>
</suite>
<statistics>
<total>
<stat pass="6" fail="2" skip="0">All Tests</stat>
</total>
<tag>
</tag>
<suite>
<stat pass="6" fail="2" skip="0" id="s1" name="Bookaflight">Bookaflight</stat>
</suite>
</statistics>
<errors>
</errors>
</robot>
