<?xml version="1.0" encoding="UTF-8"?>
<robot generator="Robot 6.1.1 (Python 3.11.5 on win32)" generated="20231012 22:37:27.734" rpa="false" schemaversion="4">
<suite id="s1" name="BookAFlight" source="c:\Users\ELSAMA\Documents\github\A5RS\BookAFlight.robot">
<test id="s1-t1" name="Check that flight info is found on the new page and save the full price as a variable" line="68">
<kw name="Get Text" library="SeleniumLibrary">
<var>${bookedprice}</var>
<arg>xpath://html/body/div[2]/p[3]</arg>
<doc>Returns the text value of the element identified by ``locator``.</doc>
<msg timestamp="20231012 22:37:27.954" level="INFO">Cannot capture screenshot because no browser is open.</msg>
<msg timestamp="20231012 22:37:27.958" level="FAIL">No browser is open.</msg>
<status status="FAIL" starttime="20231012 22:37:27.954" endtime="20231012 22:37:27.960"/>
</kw>
<kw name="Set Variable" library="BuiltIn">
<arg>${bookedprice}</arg>
<doc>Returns the given values which can then be assigned to a variables.</doc>
<status status="NOT RUN" starttime="20231012 22:37:27.960" endtime="20231012 22:37:27.960"/>
</kw>
<kw name="Get Text" library="SeleniumLibrary">
<var>${bookedcompany}</var>
<arg>xpath://html/body/div[2]/p[1]</arg>
<doc>Returns the text value of the element identified by ``locator``.</doc>
<status status="NOT RUN" starttime="20231012 22:37:27.960" endtime="20231012 22:37:27.960"/>
</kw>
<kw name="Set Variable" library="BuiltIn">
<arg>${bookedcompany}</arg>
<doc>Returns the given values which can then be assigned to a variables.</doc>
<status status="NOT RUN" starttime="20231012 22:37:27.962" endtime="20231012 22:37:27.962"/>
</kw>
<kw name="Get Text" library="SeleniumLibrary">
<var>${bookedflightno}</var>
<arg>xpath://html/body/div[2]/p[2]</arg>
<doc>Returns the text value of the element identified by ``locator``.</doc>
<status status="NOT RUN" starttime="20231012 22:37:27.962" endtime="20231012 22:37:27.962"/>
</kw>
<kw name="Set Variable" library="BuiltIn">
<arg>${bookedflightno}</arg>
<doc>Returns the given values which can then be assigned to a variables.</doc>
<status status="NOT RUN" starttime="20231012 22:37:27.963" endtime="20231012 22:37:27.963"/>
</kw>
<kw name="Run Keyword And Continue On Failure" library="BuiltIn">
<arg>Should Be Equal</arg>
<arg>${price}</arg>
<arg>${bookedprice}</arg>
<doc>Runs the keyword and continues execution even if a failure occurs.</doc>
<status status="NOT RUN" starttime="20231012 22:37:27.963" endtime="20231012 22:37:27.963"/>
</kw>
<kw name="Run Keyword And Continue On Failure" library="BuiltIn">
<arg>Should Be Equal</arg>
<arg>${company}</arg>
<arg>${bookedcompany}</arg>
<doc>Runs the keyword and continues execution even if a failure occurs.</doc>
<status status="NOT RUN" starttime="20231012 22:37:27.963" endtime="20231012 22:37:27.963"/>
</kw>
<kw name="Run Keyword And Continue On Failure" library="BuiltIn">
<arg>Should Be Equal</arg>
<arg>${flightno}</arg>
<arg>${bookedflightno}</arg>
<doc>Runs the keyword and continues execution even if a failure occurs.</doc>
<status status="NOT RUN" starttime="20231012 22:37:27.963" endtime="20231012 22:37:27.963"/>
</kw>
<kw name="Get Text" library="SeleniumLibrary">
<var>${fullprice}</var>
<arg>xpath://html/body/div[2]/p[5]/em</arg>
<doc>Returns the text value of the element identified by ``locator``.</doc>
<status status="NOT RUN" starttime="20231012 22:37:27.963" endtime="20231012 22:37:27.963"/>
</kw>
<kw name="Set Suite Variable" library="BuiltIn">
<arg>${fullprice}</arg>
<doc>Makes a variable available everywhere within the scope of the current suite.</doc>
<status status="NOT RUN" starttime="20231012 22:37:27.963" endtime="20231012 22:37:27.963"/>
</kw>
<status status="FAIL" starttime="20231012 22:37:27.954" endtime="20231012 22:37:27.963">No browser is open.</status>
</test>
<status status="FAIL" starttime="20231012 22:37:27.739" endtime="20231012 22:37:27.963"/>
</suite>
<statistics>
<total>
<stat pass="0" fail="1" skip="0">All Tests</stat>
</total>
<tag>
</tag>
<suite>
<stat pass="0" fail="1" skip="0" id="s1" name="BookAFlight">BookAFlight</stat>
</suite>
</statistics>
<errors>
</errors>
</robot>
