<?xml version="1.0" encoding="UTF-8"?>
<robot generator="Robot 6.1.1 (Python 3.11.5 on win32)" generated="20231008 23:27:48.507" rpa="false" schemaversion="4">
<suite id="s1" name="Flight Booking" source="c:\Users\immor\Documents\A5RS\flight_booking.robot">
<test id="s1-t1" name="Select Destination" line="25">
<kw name="Select From List by Name">
<arg>toPort</arg>
<arg>${Destination}</arg>
<msg timestamp="20231008 23:27:49.026" level="FAIL">No keyword with name 'Select From List by Name' found. Did you mean:
    SeleniumLibrary.Select From List By Value
    SeleniumLibrary.Select From List By Label
    SeleniumLibrary.Select From List By Index</msg>
<status status="FAIL" starttime="20231008 23:27:49.026" endtime="20231008 23:27:49.026"/>
</kw>
<status status="FAIL" starttime="20231008 23:27:49.026" endtime="20231008 23:27:49.026">No keyword with name 'Select From List by Name' found. Did you mean:
    SeleniumLibrary.Select From List By Value
    SeleniumLibrary.Select From List By Label
    SeleniumLibrary.Select From List By Index</status>
</test>
<status status="FAIL" starttime="20231008 23:27:48.512" endtime="20231008 23:27:49.026"/>
</suite>
<statistics>
<total>
<stat pass="0" fail="1" skip="0">All Tests</stat>
</total>
<tag>
</tag>
<suite>
<stat pass="0" fail="1" skip="0" id="s1" name="Flight Booking">Flight Booking</stat>
</suite>
</statistics>
<errors>
</errors>
</robot>
